<?xml version="1.0" encoding="UTF-8"?>
<!-- Generated by org.testng.reporters.JUnitReportReporter -->
<testsuite hostname="DESKTOP-KU1CH9C" failures="0" tests="1" name="pages.test1$TestClass" time="0.019" errors="0" timestamp="2021-03-05T18:12:07 IST" skipped="0">
  <testcase classname="pages.test1$TestClass" name="Testcase1" time="0.019"/>
  <system-out/>
</testsuite> <!-- pages.test1$TestClass -->
